d:\work\computer science\other\opengl\opengl 3.0\templates\all\all\debug\vc120.pdb
d:\work\computer science\other\opengl\opengl 3.0\templates\all\all\debug\vc120.idb
d:\work\computer science\other\opengl\opengl 3.0\templates\all\all\debug\camera.obj
d:\work\computer science\other\opengl\opengl 3.0\templates\all\all\debug\eulerangle.obj
d:\work\computer science\other\opengl\opengl 3.0\templates\all\all\debug\modelloader.obj
d:\work\computer science\other\opengl\opengl 3.0\templates\all\all\debug\main.obj
d:\work\computer science\other\opengl\opengl 3.0\templates\all\all\debug\model.obj
d:\work\computer science\other\opengl\opengl 3.0\templates\all\all\debug\renderer.obj
d:\work\computer science\other\opengl\opengl 3.0\templates\all\all\debug\scene.obj
d:\work\computer science\other\opengl\opengl 3.0\templates\all\all\debug\shader.obj
d:\work\computer science\other\opengl\opengl 3.0\templates\all\all\debug\stringutils.obj
d:\work\computer science\other\opengl\opengl 3.0\templates\all\all\debug\textureloader.obj
d:\work\computer science\other\opengl\opengl 3.0\templates\all\all\debug\uibutton.obj
d:\work\computer science\other\opengl\opengl 3.0\templates\all\all\debug\uielement.obj
d:\work\computer science\other\opengl\opengl 3.0\templates\all\all\debug\uirect.obj
d:\work\computer science\other\opengl\opengl 3.0\templates\all\all\debug\uirenderer.obj
d:\work\computer science\other\opengl\opengl 3.0\templates\all\all\debug\window.obj
d:\work\computer science\other\opengl\opengl 3.0\templates\all\all\debug\light.obj
d:\work\computer science\other\opengl\opengl 3.0\templates\all\all\debug\material.obj
d:\work\computer science\other\opengl\opengl 3.0\templates\all\all\debug\entity.obj
d:\work\computer science\other\opengl\opengl 3.0\templates\all\all\debug\cube.obj
d:\work\computer science\other\opengl\opengl 3.0\templates\all\all\debug\sphere.obj
d:\work\computer science\other\opengl\opengl 3.0\templates\all\debug\all.ilk
d:\work\computer science\other\opengl\opengl 3.0\templates\all\debug\all.exe
d:\work\computer science\other\opengl\opengl 3.0\templates\all\debug\all.pdb
d:\work\computer science\other\opengl\opengl 3.0\templates\all\all\debug\loader.obj
d:\work\computer science\other\opengl\opengl 3.0\templates\all\all\debug\texturedmodel.obj
d:\work\computer science\other\opengl\opengl 3.0\templates\all\all\debug\all.tlog\cl.command.1.tlog
d:\work\computer science\other\opengl\opengl 3.0\templates\all\all\debug\all.tlog\cl.read.1.tlog
d:\work\computer science\other\opengl\opengl 3.0\templates\all\all\debug\all.tlog\cl.write.1.tlog
d:\work\computer science\other\opengl\opengl 3.0\templates\all\all\debug\all.tlog\link.command.1.tlog
d:\work\computer science\other\opengl\opengl 3.0\templates\all\all\debug\all.tlog\link.read.1.tlog
d:\work\computer science\other\opengl\opengl 3.0\templates\all\all\debug\all.tlog\link.write.1.tlog
