Build started 20/09/2015 14:06:21.
     1>Project "D:\Work\Computer Science\Other\OpenGL\OpenGl 3.0\Templates\ALL\ALL\ALL.vcxproj" on node 2 (Build target(s)).
     1>ClCompile:
         C:\Program Files (x86)\Microsoft Visual Studio 12.0\VC\bin\CL.exe /c /I"D:\Work\Computer Science\Other\OpenGL\OpenGl 3.0\Libraries\Easy Install\include\glm\gtc" /I"D:\Work\Computer Science\Other\OpenGL\OpenGl 3.0\Libraries\Easy Install\include\glm" /I"D:\Work\Computer Science\Other\OpenGL\OpenGl 3.0\Libraries\Easy Install\include\glm\gtx" /I"D:\Work\Computer Science\Other\OpenGL\OpenGl 3.0\Libraries\Easy Install\include\glfw3" /I"D:\Work\Computer Science\Other\OpenGL\OpenGl 3.0\Libraries\Easy Install\include\glew" /Zi /nologo /W3 /WX- /sdl /O2 /Oi /Oy- /GL /D _CRT_SECURE_NO_DEPRECATE /D _MBCS /Gm- /EHsc /MD /GS /Gy /fp:precise /Zc:wchar_t /Zc:forScope /Fo"Release\\" /Fd"Release\vc120.pdb" /Gd /TP /analyze- /errorReport:prompt TextureLoader.cpp
         TextureLoader.cpp
     1>TextureLoader.cpp(70): warning C4018: '<' : signed/unsigned mismatch
       Link:
         C:\Program Files (x86)\Microsoft Visual Studio 12.0\VC\bin\link.exe /ERRORREPORT:PROMPT /OUT:"D:\Work\Computer Science\Other\OpenGL\OpenGl 3.0\Templates\ALL\Release\ALL.exe" /NOLOGO /LIBPATH:"D:\Work\Computer Science\Other\OpenGL\OpenGl 3.0\Libraries\Easy Install\lib files\glfw3" /LIBPATH:"D:\Work\Computer Science\Other\OpenGL\OpenGl 3.0\Libraries\Easy Install\lib files\glew" glfw3.lib glew32.lib opengl32.lib kernel32.lib user32.lib gdi32.lib winspool.lib comdlg32.lib advapi32.lib shell32.lib ole32.lib oleaut32.lib uuid.lib odbc32.lib odbccp32.lib /MANIFEST /MANIFESTUAC:"level='asInvoker' uiAccess='false'" /manifest:embed /DEBUG /PDB:"D:\Work\Computer Science\Other\OpenGL\OpenGl 3.0\Templates\ALL\Release\ALL.pdb" /OPT:REF /OPT:ICF /LTCG /TLBID:1 /DYNAMICBASE /NXCOMPAT /IMPLIB:"D:\Work\Computer Science\Other\OpenGL\OpenGl 3.0\Templates\ALL\Release\ALL.lib" /MACHINE:X86 /SAFESEH Release\Camera.obj
         Release\Cube.obj
         Release\Entity.obj
         Release\EulerAngle.obj
         Release\Light.obj
         Release\Material.obj
         Release\ModelLoader.obj
         Release\Main.obj
         Release\Model.obj
         Release\Renderer.obj
         Release\Scene.obj
         Release\Shader.obj
         Release\Sphere.obj
         Release\StringUtils.obj
         Release\TextureLoader.obj
         Release\UIButton.obj
         Release\UIElement.obj
         Release\UIRect.obj
         Release\UIRenderer.obj
         Release\Window.obj
         Generating code
         Finished generating code
         ALL.vcxproj -> D:\Work\Computer Science\Other\OpenGL\OpenGl 3.0\Templates\ALL\Release\ALL.exe
     1>Done Building Project "D:\Work\Computer Science\Other\OpenGL\OpenGl 3.0\Templates\ALL\ALL\ALL.vcxproj" (Build target(s)).

Build succeeded.

Time Elapsed 00:00:02.20
